Determining if the pthread_create exist failed with the following output:
Change Dir: /home/will.t4221/FinalProject/ParallelComputingProject/InputGeneration/CMakeFiles/CMakeTmp

Run Build Command:"/usr/bin/gmake" "cmTC_c1bd1/fast"
/usr/bin/gmake -f CMakeFiles/cmTC_c1bd1.dir/build.make CMakeFiles/cmTC_c1bd1.dir/build
gmake[1]: Entering directory `/home/will.t4221/FinalProject/ParallelComputingProject/InputGeneration/CMakeFiles/CMakeTmp'
Building C object CMakeFiles/cmTC_c1bd1.dir/CheckSymbolExists.c.o
/sw/eb/sw/GCCcore/10.2.0/bin/cc    -o CMakeFiles/cmTC_c1bd1.dir/CheckSymbolExists.c.o   -c /home/will.t4221/FinalProject/ParallelComputingProject/InputGeneration/CMakeFiles/CMakeTmp/CheckSymbolExists.c
Linking C executable cmTC_c1bd1
/sw/eb/sw/CMake/3.12.1/bin/cmake -E cmake_link_script CMakeFiles/cmTC_c1bd1.dir/link.txt --verbose=1
/sw/eb/sw/GCCcore/10.2.0/bin/cc      CMakeFiles/cmTC_c1bd1.dir/CheckSymbolExists.c.o  -o cmTC_c1bd1 
CMakeFiles/cmTC_c1bd1.dir/CheckSymbolExists.c.o:CheckSymbolExists.c:function main: error: undefined reference to 'pthread_create'
collect2: error: ld returned 1 exit status
gmake[1]: *** [cmTC_c1bd1] Error 1
gmake[1]: Leaving directory `/home/will.t4221/FinalProject/ParallelComputingProject/InputGeneration/CMakeFiles/CMakeTmp'
gmake: *** [cmTC_c1bd1/fast] Error 2

File /home/will.t4221/FinalProject/ParallelComputingProject/InputGeneration/CMakeFiles/CMakeTmp/CheckSymbolExists.c:
/* */
#include <pthread.h>

int main(int argc, char** argv)
{
  (void)argv;
#ifndef pthread_create
  return ((int*)(&pthread_create))[argc];
#else
  (void)argc;
  return 0;
#endif
}

Determining if the function pthread_create exists in the pthreads failed with the following output:
Change Dir: /home/will.t4221/FinalProject/ParallelComputingProject/InputGeneration/CMakeFiles/CMakeTmp

Run Build Command:"/usr/bin/gmake" "cmTC_3cf54/fast"
/usr/bin/gmake -f CMakeFiles/cmTC_3cf54.dir/build.make CMakeFiles/cmTC_3cf54.dir/build
gmake[1]: Entering directory `/home/will.t4221/FinalProject/ParallelComputingProject/InputGeneration/CMakeFiles/CMakeTmp'
Building C object CMakeFiles/cmTC_3cf54.dir/CheckFunctionExists.c.o
/sw/eb/sw/GCCcore/10.2.0/bin/cc   -DCHECK_FUNCTION_EXISTS=pthread_create   -o CMakeFiles/cmTC_3cf54.dir/CheckFunctionExists.c.o   -c /sw/eb/sw/CMake/3.12.1/share/cmake-3.12/Modules/CheckFunctionExists.c
Linking C executable cmTC_3cf54
/sw/eb/sw/CMake/3.12.1/bin/cmake -E cmake_link_script CMakeFiles/cmTC_3cf54.dir/link.txt --verbose=1
/sw/eb/sw/GCCcore/10.2.0/bin/cc  -DCHECK_FUNCTION_EXISTS=pthread_create    CMakeFiles/cmTC_3cf54.dir/CheckFunctionExists.c.o  -o cmTC_3cf54 -lpthreads 
/sw/eb/sw/binutils/2.35-GCCcore-10.2.0/bin/ld.gold: error: cannot find -lpthreads
CMakeFiles/cmTC_3cf54.dir/CheckFunctionExists.c.o:CheckFunctionExists.c:function main: error: undefined reference to 'pthread_create'
collect2: error: ld returned 1 exit status
gmake[1]: *** [cmTC_3cf54] Error 1
gmake[1]: Leaving directory `/home/will.t4221/FinalProject/ParallelComputingProject/InputGeneration/CMakeFiles/CMakeTmp'
gmake: *** [cmTC_3cf54/fast] Error 2


